<?xml version="1.0" encoding="UTF-8"?>
<!-- Generated by org.testng.reporters.JUnitXMLReporter -->
<testsuite ignored="0" hostname="DESKTOP-7NRAK7B" failures="0" tests="4" name="Default test" time="8.194" errors="0" timestamp="2025-09-27T14:51:35 IST">
  <testcase classname="TestLayer.RegisterPageTest" name="registerPageFunctionalityTest" time="0.631"/>
  <testcase classname="TestLayer.RegisterPageTest" name="validateLoginInPageFuctionality" time="0.018"/>
  <testcase classname="TestLayer.RegisterPageTest" name="validateSignInFuctionality" time="0.002"/>
  <testcase classname="TestLayer.RegisterPageTest" name="validatecreateAccPageFuctionality" time="0.014"/>
</testsuite> <!-- Default test -->
