<?xml version="1.0" encoding="UTF-8"?>
<!-- Generated by org.testng.reporters.JUnitXMLReporter -->
<testsuite ignored="0" hostname="Komal" failures="0" tests="3" name="Default test" time="11.066" errors="0" timestamp="2025-09-27T14:20:53 IST">
  <testcase classname="TestLayer.RegisterPageTest" name="registerPageFunctionalityTest" time="0.467"/>
  <testcase classname="TestLayer.RegisterPageTest" name="validateLoginInPageFuctionality" time="0.003"/>
  <testcase classname="TestLayer.RegisterPageTest" name="validateSignInFuctionality" time="0.002"/>
</testsuite> <!-- Default test -->
