<?xml version="1.0" encoding="UTF-8"?>
<testng-results ignored="0" total="3" passed="3" failed="0" skipped="0">
  <reporter-output>
  </reporter-output>
  <suite started-at="2025-09-27T14:20:42 IST" name="Default suite" finished-at="2025-09-27T14:20:53 IST" duration-ms="11066">
    <groups>
    </groups>
    <test started-at="2025-09-27T14:20:42 IST" name="Default test" finished-at="2025-09-27T14:20:53 IST" duration-ms="11066">
      <class name="TestLayer.RegisterPageTest">
        <test-method is-config="true" signature="setUp()[pri:0, instance:TestLayer.RegisterPageTest@12468a38]" started-at="2025-09-27T14:20:42 IST" name="setUp" finished-at="2025-09-27T14:20:48 IST" duration-ms="5824" status="PASS">
          <reporter-output>
          </reporter-output>
        </test-method> <!-- setUp -->
        <test-method signature="registerPageFunctionalityTest()[pri:0, instance:TestLayer.RegisterPageTest@12468a38]" started-at="2025-09-27T14:20:48 IST" name="registerPageFunctionalityTest" finished-at="2025-09-27T14:20:48 IST" duration-ms="467" status="PASS">
          <reporter-output>
          </reporter-output>
        </test-method> <!-- registerPageFunctionalityTest -->
        <test-method signature="validateLoginInPageFuctionality()[pri:0, instance:TestLayer.RegisterPageTest@12468a38]" started-at="2025-09-27T14:20:48 IST" name="validateLoginInPageFuctionality" finished-at="2025-09-27T14:20:48 IST" duration-ms="3" status="PASS">
          <reporter-output>
          </reporter-output>
        </test-method> <!-- validateLoginInPageFuctionality -->
        <test-method signature="validateSignInFuctionality()[pri:0, instance:TestLayer.RegisterPageTest@12468a38]" started-at="2025-09-27T14:20:48 IST" name="validateSignInFuctionality" finished-at="2025-09-27T14:20:48 IST" duration-ms="2" status="PASS">
          <reporter-output>
          </reporter-output>
        </test-method> <!-- validateSignInFuctionality -->
        <test-method is-config="true" signature="closePage()[pri:0, instance:TestLayer.RegisterPageTest@12468a38]" started-at="2025-09-27T14:20:48 IST" name="closePage" finished-at="2025-09-27T14:20:53 IST" duration-ms="4731" status="PASS">
          <reporter-output>
          </reporter-output>
        </test-method> <!-- closePage -->
      </class> <!-- TestLayer.RegisterPageTest -->
    </test> <!-- Default test -->
  </suite> <!-- Default suite -->
</testng-results>
