<?xml version="1.0" encoding="UTF-8"?>
<testng-results ignored="0" total="4" passed="4" failed="0" skipped="0">
  <reporter-output>
  </reporter-output>
  <suite started-at="2025-09-27T14:51:27 IST" name="Default suite" finished-at="2025-09-27T14:51:35 IST" duration-ms="8194">
    <groups>
    </groups>
    <test started-at="2025-09-27T14:51:27 IST" name="Default test" finished-at="2025-09-27T14:51:35 IST" duration-ms="8194">
      <class name="TestLayer.RegisterPageTest">
        <test-method is-config="true" signature="setUp()[pri:0, instance:TestLayer.RegisterPageTest@1aa7ecca]" started-at="2025-09-27T14:51:27 IST" name="setUp" finished-at="2025-09-27T14:51:30 IST" duration-ms="3200" status="PASS">
          <reporter-output>
          </reporter-output>
        </test-method> <!-- setUp -->
        <test-method signature="registerPageFunctionalityTest()[pri:0, instance:TestLayer.RegisterPageTest@1aa7ecca]" started-at="2025-09-27T14:51:30 IST" name="registerPageFunctionalityTest" finished-at="2025-09-27T14:51:31 IST" duration-ms="631" status="PASS">
          <reporter-output>
          </reporter-output>
        </test-method> <!-- registerPageFunctionalityTest -->
        <test-method signature="validateLoginInPageFuctionality()[pri:0, instance:TestLayer.RegisterPageTest@1aa7ecca]" started-at="2025-09-27T14:51:31 IST" name="validateLoginInPageFuctionality" finished-at="2025-09-27T14:51:31 IST" duration-ms="18" status="PASS">
          <reporter-output>
          </reporter-output>
        </test-method> <!-- validateLoginInPageFuctionality -->
        <test-method signature="validateSignInFuctionality()[pri:0, instance:TestLayer.RegisterPageTest@1aa7ecca]" started-at="2025-09-27T14:51:31 IST" name="validateSignInFuctionality" finished-at="2025-09-27T14:51:31 IST" duration-ms="2" status="PASS">
          <reporter-output>
          </reporter-output>
        </test-method> <!-- validateSignInFuctionality -->
        <test-method signature="validatecreateAccPageFuctionality()[pri:0, instance:TestLayer.RegisterPageTest@1aa7ecca]" started-at="2025-09-27T14:51:31 IST" name="validatecreateAccPageFuctionality" finished-at="2025-09-27T14:51:31 IST" duration-ms="14" status="PASS">
          <reporter-output>
          </reporter-output>
        </test-method> <!-- validatecreateAccPageFuctionality -->
        <test-method is-config="true" signature="closePage()[pri:0, instance:TestLayer.RegisterPageTest@1aa7ecca]" started-at="2025-09-27T14:51:31 IST" name="closePage" finished-at="2025-09-27T14:51:35 IST" duration-ms="4291" status="PASS">
          <reporter-output>
          </reporter-output>
        </test-method> <!-- closePage -->
      </class> <!-- TestLayer.RegisterPageTest -->
    </test> <!-- Default test -->
  </suite> <!-- Default suite -->
</testng-results>
