<?xml version="1.0" encoding="UTF-8"?>
<!-- Generated by org.testng.reporters.JUnitReportReporter -->
<testsuite hostname="Komal" failures="0" tests="3" name="TestLayer.RegisterPageTest" time="0.472" errors="0" timestamp="2025-09-27T14:20:53 IST" skipped="0">
  <testcase classname="TestLayer.RegisterPageTest" name="validateLoginInPageFuctionality" time="0.003"/>
  <system-out/>
  <testcase classname="TestLayer.RegisterPageTest" name="registerPageFunctionalityTest" time="0.467"/>
  <system-out/>
  <testcase classname="TestLayer.RegisterPageTest" name="validateSignInFuctionality" time="0.002"/>
  <system-out/>
</testsuite> <!-- TestLayer.RegisterPageTest -->
