<?xml version="1.0" encoding="UTF-8"?>
<!-- Generated by org.testng.reporters.JUnitReportReporter -->
<testsuite hostname="DESKTOP-7NRAK7B" failures="0" tests="4" name="TestLayer.RegisterPageTest" time="0.665" errors="0" timestamp="2025-09-27T14:51:35 IST" skipped="0">
  <testcase classname="TestLayer.RegisterPageTest" name="registerPageFunctionalityTest" time="0.631"/>
  <system-out/>
  <testcase classname="TestLayer.RegisterPageTest" name="validateLoginInPageFuctionality" time="0.018"/>
  <system-out/>
  <testcase classname="TestLayer.RegisterPageTest" name="validatecreateAccPageFuctionality" time="0.014"/>
  <system-out/>
  <testcase classname="TestLayer.RegisterPageTest" name="validateSignInFuctionality" time="0.002"/>
  <system-out/>
</testsuite> <!-- TestLayer.RegisterPageTest -->
